if { [catch {vsimulink rsr -t 1ns -voptargs=+acc  } errmsg] } {
    echo "Loading simulation and HDL Verifier library failed."; 
    echo $errmsg; 
    quit -f; 
}
# vsim rsr -t 1ns -voptargs="+acc" -foreign "simlinkserver {C:/Program Files/MATLAB/R2017b/toolbox/edalink/extensions/modelsim/windows32/liblfmhdls_gcc421vc12.dll}  ; -batch  ; -socket 51976 " 
# Start time: 16:51:24 on Mar 20,2018
# Loading std.standard
# Loading std.textio(body)
# Loading ieee.std_logic_1164(body)
# Loading ieee.numeric_std(body)
# Loading work.rsr(rsr_arch)
# Loading work.y0(y0_arch)
# Loading ieee.std_logic_arith(body)
# Loading ieee.std_logic_unsigned(body)
# Loading work.lzc(behavioral)
# Loading altera_mf.altera_mf_components
# Loading work.rom(syn)
# Loading altera_mf.altera_common_conversion(body)
# Loading altera_mf.altera_device_families(body)
# Loading altera_mf.altsyncram(translated)
# Loading work.newtons(newtons_arch)
# Loading C:/Program Files/MATLAB/R2017b/toolbox/edalink/extensions/modelsim/windows32/liblfmhdls_gcc421vc12.dll
# ** Error (suppressible): (vsim-FLI-3155) The FLI is not enabled in this version of ModelSim.
# ** Error (suppressible): (vsim-FLI-3155) The FLI is not enabled in this version of ModelSim.
# ** Error (suppressible): (vsim-FLI-3155) The FLI is not enabled in this version of ModelSim.

# 
# <EOF>
# End time: 16:51:24 on Mar 20,2018, Elapsed time: 0:00:00
# Errors: 3, Warnings: 0
